<?xml version="1.0" encoding="UTF-8"?>
<!-- Generated by org.testng.reporters.JUnitXMLReporter -->
<testsuite ignored="0" hostname="DIPU-PIHU" failures="0" tests="3" name="Test" time="0.111" errors="0" timestamp="2024-12-22T20:34:08 IST">
  <testcase classname="com.example.devops.demo.devops.secondTest" name="sampleThree" time="0.015"/>
  <testcase classname="com.example.devops.demo.devops.secondTest" name="sampleTwo" time="0.006"/>
  <testcase classname="com.example.devops.demo.devops.ApplicationTests" name="contextLoads" time="0.003"/>
</testsuite> <!-- Test -->
